<?xml version="1.0" encoding="utf-8"?><testsuites name="pytest tests"><testsuite name="pytest" errors="0" failures="0" skipped="0" tests="8" time="10.242" timestamp="2026-05-07T15:19:55.143330+00:00" hostname="agent-env-c4b63eae-77d2-4592-9795-610f50b97906"><testcase classname="tests.test_clipmaster.TestHealth" name="test_root" time="0.285" /><testcase classname="tests.test_clipmaster.TestClaude" name="test_claude_text_only" time="5.482" /><testcase classname="tests.test_clipmaster.TestClaude" name="test_claude_with_image" time="2.358" /><testcase classname="tests.test_clipmaster.TestClaude" name="test_claude_missing_prompt" time="0.070" /><testcase classname="tests.test_clipmaster.TestPosts" name="test_create_post" time="0.098" /><testcase classname="tests.test_clipmaster.TestPosts" name="test_list_posts_isolated_by_device" time="0.196" /><testcase classname="tests.test_clipmaster.TestPosts" name="test_list_posts_sorted_desc" time="0.069" /><testcase classname="tests.test_clipmaster.TestPosts" name="test_delete_post" time="1.428" /></testsuite></testsuites>